<?xml version="1.0" encoding="UTF-8" ?>
<testsuite tests="2" failures="2" name="client.gui.ChatTest" time="90.477" errors="0" skipped="0">
  <properties>
[...]
</properties>
  <testcase classname="client.gui.ChatTest" name="testAChatMessage" time="5.597">
    <failure message="expected:&lt;You: [aaaaa]&gt; but was:&lt;You: [ффффф]&gt;" type="org.junit.ComparisonFailure">org.junit.ComparisonFailure: expected:&lt;You: [aaaaa]&gt; but was:&lt;You: [ффффф]&gt;
	at org.junit.Assert.assertEquals(Assert.java:115)
	at org.junit.Assert.assertEquals(Assert.java:144)
	at client.gui.ChatTest.testAChatMessage(ChatTest.java:49)
	at sun.reflect.NativeMethodAccessorImpl.invoke0(Native Method)
	at sun.reflect.NativeMethodAccessorImpl.invoke(NativeMethodAccessorImpl.java:62)
	at sun.reflect.DelegatingMethodAccessorImpl.invoke(DelegatingMethodAccessorImpl.java:43)
	at java.lang.reflect.Method.invoke(Method.java:498)
	at org.junit.runners.model.FrameworkMethod$1.runReflectiveCall(FrameworkMethod.java:50)
	at org.junit.internal.runners.model.ReflectiveCallable.run(ReflectiveCallable.java:12)
	at org.junit.runners.model.FrameworkMethod.invokeExplosively(FrameworkMethod.java:47)
	at org.junit.internal.runners.statements.InvokeMethod.evaluate(InvokeMethod.java:17)
	at org.junit.internal.runners.statements.RunBefores.evaluate(RunBefores.java:26)
	at org.junit.runners.ParentRunner.runLeaf(ParentRunner.java:325)
	at org.junit.runners.BlockJUnit4ClassRunner.runChild(BlockJUnit4ClassRunner.java:78)
	at org.junit.runners.BlockJUnit4ClassRunner.runChild(BlockJUnit4ClassRunner.java:57)
	at org.junit.runners.ParentRunner$3.run(ParentRunner.java:290)
	at org.junit.runners.ParentRunner$1.schedule(ParentRunner.java:71)
	at org.junit.runners.ParentRunner.runChildren(ParentRunner.java:288)
	at org.junit.runners.ParentRunner.access$000(ParentRunner.java:58)
	at org.junit.runners.ParentRunner$2.evaluate(ParentRunner.java:268)
	at org.junit.runners.ParentRunner.run(ParentRunner.java:363)
	at org.apache.maven.surefire.junit4.JUnit4Provider.execute(JUnit4Provider.java:252)
	at org.apache.maven.surefire.junit4.JUnit4Provider.executeTestSet(JUnit4Provider.java:141)
	at org.apache.maven.surefire.junit4.JUnit4Provider.invoke(JUnit4Provider.java:112)
	at sun.reflect.NativeMethodAccessorImpl.invoke0(Native Method)
	at sun.reflect.NativeMethodAccessorImpl.invoke(NativeMethodAccessorImpl.java:62)
	at sun.reflect.DelegatingMethodAccessorImpl.invoke(DelegatingMethodAccessorImpl.java:43)
	at java.lang.reflect.Method.invoke(Method.java:498)
	at org.apache.maven.surefire.util.ReflectionUtils.invokeMethodWithArray(ReflectionUtils.java:189)
	at org.apache.maven.surefire.booter.ProviderFactory$ProviderProxy.invoke(ProviderFactory.java:165)
	at org.apache.maven.surefire.booter.ProviderFactory.invokeProvider(ProviderFactory.java:85)
	at org.apache.maven.surefire.booter.ForkedBooter.runSuitesInProcess(ForkedBooter.java:115)
	at org.apache.maven.surefire.booter.ForkedBooter.main(ForkedBooter.java:75)
</failure>
    <system-out>get Client = null
1#player joined one 
1#player joined one 
command - 1#Register,TesterChat,516,198,1, name - TesterChat
command - 1#Scores$TesterChat --&gt; 0&amp;, name - TesterChat
command - 1#TesterChat:ффффф, name - TesterChat
</system-out>
    <system-err>Jan 14, 2020 3:38:07 PM io.netty.handler.logging.LoggingHandler channelRegistered
INFO: [id: 0x6eb65707] REGISTERED
Jan 14, 2020 3:38:07 PM io.netty.handler.logging.LoggingHandler bind
INFO: [id: 0x6eb65707] BIND: 0.0.0.0/0.0.0.0:8992
Jan 14, 2020 3:38:07 PM io.netty.handler.logging.LoggingHandler channelActive
INFO: [id: 0x6eb65707, L:/0:0:0:0:0:0:0:0:8992] ACTIVE
Jan 14, 2020 3:38:07 PM io.netty.handler.logging.LoggingHandler channelRead
INFO: [id: 0x6eb65707, L:/0:0:0:0:0:0:0:0:8992] READ: [id: 0x9249dd23, L:/127.0.0.1:8992 - R:/127.0.0.1:58029]
Jan 14, 2020 3:38:07 PM io.netty.handler.logging.LoggingHandler channelReadComplete
INFO: [id: 0x6eb65707, L:/0:0:0:0:0:0:0:0:8992] READ COMPLETE
Jan 14, 2020 3:38:07 PM io.netty.handler.logging.LoggingHandler channelRead
INFO: [id: 0x6eb65707, L:/0:0:0:0:0:0:0:0:8992] READ: [id: 0x71eeb20e, L:/127.0.0.1:8992 - R:/127.0.0.1:58078]
Jan 14, 2020 3:38:07 PM io.netty.handler.logging.LoggingHandler channelReadComplete
INFO: [id: 0x6eb65707, L:/0:0:0:0:0:0:0:0:8992] READ COMPLETE
</system-err>
  </testcase>
  <testcase classname="client.gui.ChatTest" name="testBEscapeFromChat" time="84.88">
    <failure message="expected:&lt;Press [ENTER to send message and F2 to escape chat field]&gt; but was:&lt;Press [F3 to start game]&gt;" type="org.junit.ComparisonFailure">org.junit.ComparisonFailure: expected:&lt;Press [ENTER to send message and F2 to escape chat field]&gt; but was:&lt;Press [F3 to start game]&gt;
	at org.junit.Assert.assertEquals(Assert.java:115)
	at org.junit.Assert.assertEquals(Assert.java:144)
	at client.gui.ChatTest.testBEscapeFromChat(ChatTest.java:58)
	at sun.reflect.NativeMethodAccessorImpl.invoke0(Native Method)
	at sun.reflect.NativeMethodAccessorImpl.invoke(NativeMethodAccessorImpl.java:62)
	at sun.reflect.DelegatingMethodAccessorImpl.invoke(DelegatingMethodAccessorImpl.java:43)
	at java.lang.reflect.Method.invoke(Method.java:498)
	at org.junit.runners.model.FrameworkMethod$1.runReflectiveCall(FrameworkMethod.java:50)
	at org.junit.internal.runners.model.ReflectiveCallable.run(ReflectiveCallable.java:12)
	at org.junit.runners.model.FrameworkMethod.invokeExplosively(FrameworkMethod.java:47)
	at org.junit.internal.runners.statements.InvokeMethod.evaluate(InvokeMethod.java:17)
	at org.junit.internal.runners.statements.RunBefores.evaluate(RunBefores.java:26)
	at org.junit.runners.ParentRunner.runLeaf(ParentRunner.java:325)
	at org.junit.runners.BlockJUnit4ClassRunner.runChild(BlockJUnit4ClassRunner.java:78)
	at org.junit.runners.BlockJUnit4ClassRunner.runChild(BlockJUnit4ClassRunner.java:57)
	at org.junit.runners.ParentRunner$3.run(ParentRunner.java:290)
	at org.junit.runners.ParentRunner$1.schedule(ParentRunner.java:71)
	at org.junit.runners.ParentRunner.runChildren(ParentRunner.java:288)
	at org.junit.runners.ParentRunner.access$000(ParentRunner.java:58)
	at org.junit.runners.ParentRunner$2.evaluate(ParentRunner.java:268)
	at org.junit.runners.ParentRunner.run(ParentRunner.java:363)
	at org.apache.maven.surefire.junit4.JUnit4Provider.execute(JUnit4Provider.java:252)
	at org.apache.maven.surefire.junit4.JUnit4Provider.executeTestSet(JUnit4Provider.java:141)
	at org.apache.maven.surefire.junit4.JUnit4Provider.invoke(JUnit4Provider.java:112)
	at sun.reflect.NativeMethodAccessorImpl.invoke0(Native Method)
	at sun.reflect.NativeMethodAccessorImpl.invoke(NativeMethodAccessorImpl.java:62)
	at sun.reflect.DelegatingMethodAccessorImpl.invoke(DelegatingMethodAccessorImpl.java:43)
	at java.lang.reflect.Method.invoke(Method.java:498)
	at org.apache.maven.surefire.util.ReflectionUtils.invokeMethodWithArray(ReflectionUtils.java:189)
	at org.apache.maven.surefire.booter.ProviderFactory$ProviderProxy.invoke(ProviderFactory.java:165)
	at org.apache.maven.surefire.booter.ProviderFactory.invokeProvider(ProviderFactory.java:85)
	at org.apache.maven.surefire.booter.ForkedBooter.runSuitesInProcess(ForkedBooter.java:115)
	at org.apache.maven.surefire.booter.ForkedBooter.main(ForkedBooter.java:75)
</failure>
    <system-out>command - 1#Update,TesterChat,516,198,4, name - TesterChat
command - 1#Update,TesterChat,516,198,1, name - TesterChat
command - 1#Shot,TesterChat, name - TesterChat
command - 1#Update,TesterChat,516,198,4, name - TesterChat
command - 1#Update,TesterChat,516,198,4, name - TesterChat
command - 1#Update,TesterChat,516,198,4, name - TesterChat
command - 1#Update,TesterChat,516,198,1, name - TesterChat
command - 1#TesterChat: цф, name - TesterChat
dispose client
command - 1#Exit,TesterChat,-, name - TesterChat
command - 1#Scores$, name - TesterChat
command - 1#TesterChat left the room # 1, name - TesterChat
get Client = null
1#player joined two 
1#player joined two 
</system-out>
    <system-err>Jan 14, 2020 3:38:53 PM io.netty.handler.logging.LoggingHandler channelInactive
INFO: [id: 0x6eb65707, L:/0:0:0:0:0:0:0:0:8992] INACTIVE
Jan 14, 2020 3:38:53 PM io.netty.handler.logging.LoggingHandler channelUnregistered
INFO: [id: 0x6eb65707, L:/0:0:0:0:0:0:0:0:8992] UNREGISTERED
Jan 14, 2020 3:38:54 PM io.netty.handler.logging.LoggingHandler channelRegistered
INFO: [id: 0xf060e9e3] REGISTERED
Jan 14, 2020 3:38:54 PM io.netty.handler.logging.LoggingHandler bind
INFO: [id: 0xf060e9e3] BIND: 0.0.0.0/0.0.0.0:8992
Jan 14, 2020 3:38:54 PM io.netty.handler.logging.LoggingHandler channelActive
INFO: [id: 0xf060e9e3, L:/0:0:0:0:0:0:0:0:8992] ACTIVE
Jan 14, 2020 3:38:54 PM io.netty.handler.logging.LoggingHandler channelRead
INFO: [id: 0xf060e9e3, L:/0:0:0:0:0:0:0:0:8992] READ: [id: 0x0961aebe, L:/127.0.0.1:8992 - R:/127.0.0.1:58139]
Jan 14, 2020 3:38:54 PM io.netty.handler.logging.LoggingHandler channelReadComplete
INFO: [id: 0xf060e9e3, L:/0:0:0:0:0:0:0:0:8992] READ COMPLETE
Jan 14, 2020 3:38:54 PM io.netty.handler.logging.LoggingHandler channelRead
INFO: [id: 0xf060e9e3, L:/0:0:0:0:0:0:0:0:8992] READ: [id: 0xff00138c, L:/127.0.0.1:8992 - R:/127.0.0.1:58238]
Jan 14, 2020 3:38:54 PM io.netty.handler.logging.LoggingHandler channelReadComplete
INFO: [id: 0xf060e9e3, L:/0:0:0:0:0:0:0:0:8992] READ COMPLETE
</system-err>
  </testcase>
</testsuite>